#
# A fatal error has been detected by the Java Runtime Environment:
#
#  SIGSEGV (0xb) at pc=0x0000000107446d7c, pid=15363, tid=18695
#
# JRE version: Java(TM) SE Runtime Environment (8.0_73-b02) (build 1.8.0_73-b02)
# Java VM: Java HotSpot(TM) 64-Bit Server VM (25.73-b02 mixed mode bsd-amd64 compressed oops)
# Problematic frame:
# V  [libjvm.dylib+0x446d7c]
#
# Failed to write core dump. Core dumps have been disabled. To enable core dumping, try "ulimit -c unlimited" before starting Java again
#
# If you would like to submit a bug report, please visit:
#   http://bugreport.java.com/bugreport/crash.jsp
#

---------------  T H R E A D  ---------------

Current thread (0x00007fe7e6028000):  JavaThread "JDWP Transport Listener: dt_socket" daemon [_thread_in_vm, id=18695, stack(0x000070000b435000,0x000070000b535000)]

siginfo: si_signo: 11 (SIGSEGV), si_code: 0 (unknown), si_addr: 0x0000000000000000

Registers:
RAX=0x0000000000000001, RBX=0x000070000b534aab, RCX=0x0000000107815340, RDX=0x000070000b534aab
RSP=0x000070000b5349f0, RBP=0x000070000b534a00, RSI=0x00007fe7e6028000, RDI=0x3000000000000000
R8 =0x0000000000000000, R9 =0x00007fe7e546c390, R10=0x0000000000000001, R11=0x0000000000000001
R12=0x00007fe7e6028000, R13=0x3000000000000000, R14=0x3000000000000000, R15=0x00007fe7e5504820
RIP=0x0000000107446d7c, EFLAGS=0x0000000000010206, ERR=0x0000000000000000
  TRAPNO=0x000000000000000d

Top of Stack: (sp=0x000070000b5349f0)
0x000070000b5349f0:   000070000b534aab 000070000b534aab
0x000070000b534a00:   000070000b534a60 0000000107355dda
0x000070000b534a10:   00007fe7e6028000 0000000000000000
0x000070000b534a20:   0000000000000000 0000000000000000
0x000070000b534a30:   00007fe7e6028000 00007fe7e6028000
0x000070000b534a40:   000070000b534aab 000070000b534ab0
0x000070000b534a50:   3000000000000000 0000000000000001
0x000070000b534a60:   000070000b534a80 0000000106718780
0x000070000b534a70:   0000000000000001 000070000b534b28
0x000070000b534a80:   000070000b534af0 00000001066fd1f3
0x000070000b534a90:   000070000b534ac0 00007fe7e5472360
0x000070000b534aa0:   0000000400000032 0000000100534b28
0x000070000b534ab0:   0000000000000000 0000000000000000
0x000070000b534ac0:   0000000000000000 000070000b534cb0
0x000070000b534ad0:   000000010671fe7a 00007fe7e5591f40
0x000070000b534ae0:   000070000b534b28 000000010672b598
0x000070000b534af0:   000070000b534b00 00000001066fd2ec
0x000070000b534b00:   000070000b534d20 0000000106706898
0x000070000b534b10:   0000107e00000013 00000000000f0200
0x000070000b534b20:   00007fe7e558cfc0 000070000b534b9d
0x000070000b534b30:   00007fe700000107 000070000b534b40
0x000070000b534b40:   00007fe700000025 000070000b534b78
0x000070000b534b50:   0000000000000000 0000000000000000
0x000070000b534b60:   0000107e0000001c 0000000000000080
0x000070000b534b70:   000070000b534b78 e77f000004000000
0x000070000b534b80:   06000000e0c458e5 00003e74696e693c
0x000070000b534b90:   0000005629280300 0000000100000000
0x000070000b534ba0:   0000010100070200 0000270000000000
0x000070000b534bb0:   ffff507442e5e77f 0000ffffffffffff
0x000070000b534bc0:   0001020007020000 0027000000000000
0x000070000b534bd0:   00587442e5e77f00 0064000000000000
0x000070000b534be0:   0103000702000000 2800000000000000 

Instructions: (pc=0x0000000107446d7c)
0x0000000107446d5c:   40 48 48 85 c0 75 e0 30 c0 0f b6 c0 5d c3 31 c0
0x0000000107446d6c:   5d c3 55 48 89 e5 53 48 83 ec 08 48 85 ff 74 24
0x0000000107446d7c:   48 8b 1f 48 85 db 74 1c 48 83 fb 37 74 16 48 8b
0x0000000107446d8c:   03 48 89 df ff 50 10 84 c0 b8 00 00 00 00 48 0f 

Register to memory mapping:

RAX=0x0000000000000001 is an unknown value
RBX=0x000070000b534aab is pointing into the stack for thread: 0x00007fe7e6028000
RCX=0x0000000107815340: UseMembar+0 in /Library/Java/JavaVirtualMachines/jdk1.8.0_73.jdk/Contents/Home/jre/lib/server/libjvm.dylib at 0x0000000107000000
RDX=0x000070000b534aab is pointing into the stack for thread: 0x00007fe7e6028000
RSP=0x000070000b5349f0 is pointing into the stack for thread: 0x00007fe7e6028000
RBP=0x000070000b534a00 is pointing into the stack for thread: 0x00007fe7e6028000
RSI=0x00007fe7e6028000 is a thread
RDI=0x3000000000000000 is an unknown value
R8 =0x0000000000000000 is an unknown value
R9 =0x00007fe7e546c390 is an unknown value
R10=0x0000000000000001 is an unknown value
R11=0x0000000000000001 is an unknown value
R12=0x00007fe7e6028000 is a thread
R13=0x3000000000000000 is an unknown value
R14=0x3000000000000000 is an unknown value
R15=0x00007fe7e5504820 is an unknown value


Stack: [0x000070000b435000,0x000070000b535000],  sp=0x000070000b5349f0,  free space=1022k
Native frames: (J=compiled Java code, j=interpreted, Vv=VM code, C=native code)
V  [libjvm.dylib+0x446d7c]
V  [libjvm.dylib+0x355dda]
C  [libjdwp.dylib+0x20780]  isMethodSynthetic+0x63
C  [libjdwp.dylib+0x51f3]  methods1+0x10b
C  [libjdwp.dylib+0x52ec]  methodsWithGeneric+0xe
C  [libjdwp.dylib+0xe898]  debugLoop_run+0x1ce
C  [libjdwp.dylib+0x1f6ba]  attachThread+0x4d
V  [libjvm.dylib+0x397138]
V  [libjvm.dylib+0x561753]
V  [libjvm.dylib+0x562e4e]
V  [libjvm.dylib+0x4838a2]
C  [libsystem_pthread.dylib+0x32eb]  _pthread_body+0x7e
C  [libsystem_pthread.dylib+0x6249]  _pthread_start+0x42
C  [libsystem_pthread.dylib+0x240d]  thread_start+0xd
C  0x0000000000000000


---------------  P R O C E S S  ---------------

Java Threads: ( => current thread )
  0x00007fe7e7284800 JavaThread "ReaderThread" [_thread_in_native, id=16131, stack(0x000070000bc4d000,0x000070000bd4d000)]
  0x00007fe7e711c800 JavaThread "Service Thread" daemon [_thread_blocked, id=17667, stack(0x000070000ba47000,0x000070000bb47000)]
  0x00007fe7e694d800 JavaThread "C1 CompilerThread2" daemon [_thread_blocked, id=15619, stack(0x000070000b944000,0x000070000ba44000)]
  0x00007fe7e710b800 JavaThread "C2 CompilerThread1" daemon [_thread_blocked, id=15107, stack(0x000070000b841000,0x000070000b941000)]
  0x00007fe7e6112800 JavaThread "C2 CompilerThread0" daemon [_thread_blocked, id=14851, stack(0x000070000b73e000,0x000070000b83e000)]
  0x00007fe7e682d000 JavaThread "JDWP Command Reader" daemon [_thread_in_native, id=14339, stack(0x000070000b63b000,0x000070000b73b000)]
  0x00007fe7e5829800 JavaThread "JDWP Event Helper Thread" daemon [_thread_blocked, id=13827, stack(0x000070000b538000,0x000070000b638000)]
=>0x00007fe7e6028000 JavaThread "JDWP Transport Listener: dt_socket" daemon [_thread_in_vm, id=18695, stack(0x000070000b435000,0x000070000b535000)]
  0x00007fe7e702c000 JavaThread "Signal Dispatcher" daemon [_thread_blocked, id=19203, stack(0x000070000b332000,0x000070000b432000)]
  0x00007fe7e682c800 JavaThread "Finalizer" daemon [_thread_blocked, id=12035, stack(0x000070000b22f000,0x000070000b32f000)]
  0x00007fe7e6006000 JavaThread "Reference Handler" daemon [_thread_blocked, id=20739, stack(0x000070000b12c000,0x000070000b22c000)]
  0x00007fe7e7004000 JavaThread "main" [_thread_blocked, id=9987, stack(0x000070000ab1a000,0x000070000ac1a000)]

Other Threads:
  0x00007fe7e5805000 VMThread [stack: 0x000070000b029000,0x000070000b129000] [id=11779]
  0x00007fe7e6110800 WatcherThread [stack: 0x000070000bb4a000,0x000070000bc4a000] [id=15875]

VM state:not at safepoint (normal execution)

VM Mutex/Monitor currently owned by a thread: None

Heap:
 PSYoungGen      total 76288K, used 50035K [0x000000076ab00000, 0x0000000770000000, 0x00000007c0000000)
  eden space 65536K, 76% used [0x000000076ab00000,0x000000076dbdcdd0,0x000000076eb00000)
  from space 10752K, 0% used [0x000000076f580000,0x000000076f580000,0x0000000770000000)
  to   space 10752K, 0% used [0x000000076eb00000,0x000000076eb00000,0x000000076f580000)
 ParOldGen       total 175104K, used 0K [0x00000006c0000000, 0x00000006cab00000, 0x000000076ab00000)
  object space 175104K, 0% used [0x00000006c0000000,0x00000006c0000000,0x00000006cab00000)
 Metaspace       used 10179K, capacity 11060K, committed 11264K, reserved 1058816K
  class space    used 1252K, capacity 1451K, committed 1536K, reserved 1048576K

Card table byte_map: [0x000000010834d000,0x0000000108b4e000] byte_map_base: 0x0000000104d4d000

Marking Bits: (ParMarkBitMap*) 0x00000001078e3ea0
 Begin Bits: [0x0000000119bfb000, 0x000000011dbfb000)
 End Bits:   [0x000000011dbfb000, 0x0000000121bfb000)

Polling page: 0x00000001066f7000

CodeCache: size=245760Kb used=4552Kb max_used=4648Kb free=241207Kb
 bounds [0x000000010abfb000, 0x000000010b08b000, 0x0000000119bfb000]
 total_blobs=1347 nmethods=1033 adapters=236
 compilation: enabled

Compilation events (10 events):
Event: 3.357 Thread 0x00007fe7e694d800 1033       3       java.lang.invoke.Invokers::checkCustomized (20 bytes)
Event: 3.357 Thread 0x00007fe7e694d800 nmethod 1033 0x000000010b03dd10 code [0x000000010b03de80, 0x000000010b03e128]
Event: 3.439 Thread 0x00007fe7e710b800 nmethod 1006 0x000000010b041ed0 code [0x000000010b0420e0, 0x000000010b043128]
Event: 3.440 Thread 0x00007fe7e710b800 1011       4       java.lang.StringBuilder::<init> (7 bytes)
Event: 3.441 Thread 0x00007fe7e710b800 nmethod 1011 0x000000010b03eed0 code [0x000000010b03f020, 0x000000010b03f118]
Event: 3.441 Thread 0x00007fe7e710b800 1010       4       org.eclipse.jdt.launching.internal.org.objectweb.asm.ByteVector::putByteArray (49 bytes)
Event: 3.443 Thread 0x00007fe7e710b800 nmethod 1010 0x000000010b03ea90 code [0x000000010b03ebe0, 0x000000010b03edb8]
Event: 3.443 Thread 0x00007fe7e710b800  926       4       java.util.concurrent.ConcurrentHashMap::casTabAt (20 bytes)
Event: 3.444 Thread 0x00007fe7e710b800 nmethod 926 0x000000010b043f10 code [0x000000010b044040, 0x000000010b0440b8]
Event: 5.797 Thread 0x00007fe7e6112800 nmethod 632 0x000000010b05d6d0 code [0x000000010b05e9a0, 0x000000010b075bc8]

GC Heap History (0 events):
No events

Deoptimization events (6 events):
Event: 1.904 Thread 0x00007fe7e7004000 Uncommon trap: reason=unstable_if action=reinterpret pc=0x000000010ae83cbc method=sun.misc.MetaIndex.mayContain(Ljava/lang/String;)Z @ 38
Event: 1.906 Thread 0x00007fe7e7004000 Uncommon trap: reason=unstable_if action=reinterpret pc=0x000000010ad9d528 method=org.eclipse.jdt.launching.internal.org.objectweb.asm.ClassReader.readUtf(II[C)Ljava/lang/String; @ 41
Event: 1.906 Thread 0x00007fe7e7004000 Uncommon trap: reason=unstable_if action=reinterpret pc=0x000000010ae54d4c method=org.eclipse.jdt.launching.internal.org.objectweb.asm.ByteVector.putUTF8(Ljava/lang/String;)Lorg/eclipse/jdt/launching/internal/org/objectweb/asm/ByteVector; @ 100
Event: 1.906 Thread 0x00007fe7e7004000 Uncommon trap: reason=unstable_if action=reinterpret pc=0x000000010ad98f2c method=org.eclipse.jdt.launching.internal.org.objectweb.asm.ByteVector.putUTF8(Ljava/lang/String;)Lorg/eclipse/jdt/launching/internal/org/objectweb/asm/ByteVector; @ 100
Event: 2.846 Thread 0x00007fe7e7004000 Uncommon trap: reason=unstable_if action=reinterpret pc=0x000000010afb57b0 method=jdk.internal.org.objectweb.asm.Type.getArgumentsAndReturnSizes(Ljava/lang/String;)I @ 88
Event: 3.347 Thread 0x00007fe7e7004000 Uncommon trap: reason=unstable_if action=reinterpret pc=0x000000010ad0baa0 method=java.lang.CharacterData.of(I)Ljava/lang/CharacterData; @ 4

Internal exceptions (10 events):
Event: 2.592 Thread 0x00007fe7e7004000 Exception <a 'java/lang/NoSuchMethodError': java.lang.Object.lambda$ofVoidMethod$0(Lorg/junit/jupiter/engine/execution/ExecutableInvoker$ReflectiveInterceptorCall$VoidMethodInterceptorCall;Lorg/junit/jupiter/api/extension/InvocationInterceptor;Lorg/junit/
Event: 2.632 Thread 0x00007fe7e7004000 Exception <a 'java/lang/IncompatibleClassChangeError': Found class java.lang.Object, but interface was expected> (0x000000076ceaa388) thrown at [/HUDSON3/workspace/8-2-build-macosx-x86_64/jdk8u73/6086/hotspot/src/share/vm/interpreter/linkResolver.cpp, lin
Event: 2.635 Thread 0x00007fe7e7004000 Exception <a 'java/lang/NoSuchMethodError': java.lang.Object.lambda$accept$0(Lorg/junit/platform/engine/TestDescriptor$Visitor;Lorg/junit/platform/engine/TestDescriptor;)V> (0x000000076ceae860) thrown at [/HUDSON3/workspace/8-2-build-macosx-x86_64/jdk8u73
Event: 2.653 Thread 0x00007fe7e7004000 Exception <a 'java/lang/NoSuchMethodError': java.lang.Object.containsTests(Lorg/junit/platform/engine/TestDescriptor;)Z> (0x000000076cf13c68) thrown at [/HUDSON3/workspace/8-2-build-macosx-x86_64/jdk8u73/6086/hotspot/src/share/vm/interpreter/linkResolver.
Event: 2.759 Thread 0x00007fe7e7004000 Exception <a 'java/lang/IncompatibleClassChangeError': Found class java.lang.Object, but interface was expected> (0x000000076d06f398) thrown at [/HUDSON3/workspace/8-2-build-macosx-x86_64/jdk8u73/6086/hotspot/src/share/vm/interpreter/linkResolver.cpp, lin
Event: 2.833 Thread 0x00007fe7e7004000 Exception <a 'java/lang/NoSuchMethodError': java.lang.Object.lambda$comparing$77a9974f$1(Ljava/util/function/Function;Ljava/lang/Object;Ljava/lang/Object;)I> (0x000000076d21b1c0) thrown at [/HUDSON3/workspace/8-2-build-macosx-x86_64/jdk8u73/6086/hotspot/s
Event: 2.847 Thread 0x00007fe7e7004000 Exception <a 'java/lang/NoSuchMethodError': java.lang.Object.lambda$thenComparing$36697e65$1(Ljava/util/Comparator;Ljava/lang/Object;Ljava/lang/Object;)I> (0x000000076d22c668) thrown at [/HUDSON3/workspace/8-2-build-macosx-x86_64/jdk8u73/6086/hotspot/src/
Event: 2.850 Thread 0x00007fe7e7004000 Exception <a 'java/lang/NoSuchMethodError': java.lang.Object.lambda$comparing$ea9a8b3a$1(Ljava/util/Comparator;Ljava/util/function/Function;Ljava/lang/Object;Ljava/lang/Object;)I> (0x000000076d234270) thrown at [/HUDSON3/workspace/8-2-build-macosx-x86_64/
Event: 3.147 Thread 0x00007fe7e7004000 Exception <a 'java/lang/NoSuchMethodError': java.lang.Object.lambda$and$10(Ljava/util/function/Predicate;Ljava/lang/Object;)Z> (0x000000076d6b3c00) thrown at [/HUDSON3/workspace/8-2-build-macosx-x86_64/jdk8u73/6086/hotspot/src/share/vm/interpreter/linkRes
Event: 3.280 Thread 0x00007fe7e7004000 Exception <a 'java/lang/IncompatibleClassChangeError': Found class java.lang.Object, but interface was expected> (0x000000076d8721c0) thrown at [/HUDSON3/workspace/8-2-build-macosx-x86_64/jdk8u73/6086/hotspot/src/share/vm/interpreter/linkResolver.cpp, lin

Events (10 events):
Event: 67.184 Executing VM operation: GetCurrentLocation
Event: 67.184 Executing VM operation: GetCurrentLocation done
Event: 67.184 Executing VM operation: EnterInterpOnlyMode
Event: 67.184 Executing VM operation: EnterInterpOnlyMode done
Event: 67.184 Executing VM operation: ChangeSingleStep
Event: 67.184 Executing VM operation: ChangeSingleStep done
Event: 67.184 Executing VM operation: ChangeSingleStep
Event: 67.184 Executing VM operation: ChangeSingleStep done
Event: 67.194 Executing VM operation: RedefineClasses
Event: 67.207 Executing VM operation: RedefineClasses done


Dynamic libraries:
0x000000000d885000 	/System/Library/Frameworks/Cocoa.framework/Versions/A/Cocoa
0x000000000d885000 	/System/Library/Frameworks/Security.framework/Versions/A/Security
0x000000000d885000 	/System/Library/Frameworks/ApplicationServices.framework/Versions/A/ApplicationServices
0x000000000d885000 	/usr/lib/libz.1.dylib
0x000000000d885000 	/usr/lib/libSystem.B.dylib
0x000000000d885000 	/usr/lib/libobjc.A.dylib
0x000000000d885000 	/System/Library/Frameworks/CoreFoundation.framework/Versions/A/CoreFoundation
0x000000000d885000 	/System/Library/Frameworks/Foundation.framework/Versions/C/Foundation
0x000000000d885000 	/System/Library/Frameworks/AppKit.framework/Versions/C/AppKit
0x000000000d885000 	/System/Library/Frameworks/CoreData.framework/Versions/A/CoreData
0x000000000d885000 	/System/Library/PrivateFrameworks/RemoteViewServices.framework/Versions/A/RemoteViewServices
0x000000000d885000 	/System/Library/PrivateFrameworks/UIFoundation.framework/Versions/A/UIFoundation
0x000000000d885000 	/System/Library/PrivateFrameworks/XCTTargetBootstrap.framework/Versions/A/XCTTargetBootstrap
0x000000000d885000 	/System/Library/Frameworks/CoreDisplay.framework/Versions/A/CoreDisplay
0x000000000d885000 	/System/Library/PrivateFrameworks/IconServices.framework/Versions/A/IconServices
0x000000000d885000 	/System/Library/Frameworks/Metal.framework/Versions/A/Metal
0x000000000d885000 	/System/Library/PrivateFrameworks/DesktopServicesPriv.framework/Versions/A/DesktopServicesPriv
0x000000000d885000 	/usr/lib/libenergytrace.dylib
0x000000000d885000 	/System/Library/PrivateFrameworks/SkyLight.framework/Versions/A/SkyLight
0x000000000d885000 	/System/Library/Frameworks/CoreGraphics.framework/Versions/A/CoreGraphics
0x000000000d885000 	/System/Library/Frameworks/Accelerate.framework/Versions/A/Accelerate
0x000000000d885000 	/System/Library/Frameworks/IOSurface.framework/Versions/A/IOSurface
0x000000000d885000 	/System/Library/PrivateFrameworks/DFRFoundation.framework/Versions/A/DFRFoundation
0x000000000d885000 	/System/Library/Frameworks/AudioToolbox.framework/Versions/A/AudioToolbox
0x000000000d885000 	/System/Library/Frameworks/AudioUnit.framework/Versions/A/AudioUnit
0x000000000d885000 	/System/Library/PrivateFrameworks/DataDetectorsCore.framework/Versions/A/DataDetectorsCore
0x000000000d885000 	/System/Library/Frameworks/Carbon.framework/Versions/A/Frameworks/HIToolbox.framework/Versions/A/HIToolbox
0x000000000d885000 	/usr/lib/libicucore.A.dylib
0x000000000d885000 	/System/Library/Frameworks/QuartzCore.framework/Versions/A/QuartzCore
0x000000000d885000 	/System/Library/Frameworks/Carbon.framework/Versions/A/Frameworks/SpeechRecognition.framework/Versions/A/SpeechRecognition
0x000000000d885000 	/usr/lib/libauto.dylib
0x000000000d885000 	/usr/lib/libxml2.2.dylib
0x000000000d885000 	/System/Library/PrivateFrameworks/CoreUI.framework/Versions/A/CoreUI
0x000000000d885000 	/System/Library/Frameworks/CoreAudio.framework/Versions/A/CoreAudio
0x000000000d885000 	/System/Library/Frameworks/DiskArbitration.framework/Versions/A/DiskArbitration
0x000000000d885000 	/usr/lib/liblangid.dylib
0x000000000d885000 	/System/Library/PrivateFrameworks/MultitouchSupport.framework/Versions/A/MultitouchSupport
0x000000000d885000 	/System/Library/Frameworks/IOKit.framework/Versions/A/IOKit
0x000000000d885000 	/usr/lib/libDiagnosticMessagesClient.dylib
0x000000000d885000 	/System/Library/Frameworks/CoreServices.framework/Versions/A/CoreServices
0x000000000d885000 	/System/Library/PrivateFrameworks/PerformanceAnalysis.framework/Versions/A/PerformanceAnalysis
0x000000000d885000 	/System/Library/Frameworks/OpenGL.framework/Versions/A/OpenGL
0x000000000d885000 	/System/Library/Frameworks/ColorSync.framework/Versions/A/ColorSync
0x000000000d885000 	/System/Library/Frameworks/CoreImage.framework/Versions/A/CoreImage
0x000000000d885000 	/System/Library/Frameworks/CoreText.framework/Versions/A/CoreText
0x000000000d885000 	/System/Library/Frameworks/ImageIO.framework/Versions/A/ImageIO
0x000000000d885000 	/System/Library/PrivateFrameworks/Backup.framework/Versions/A/Backup
0x000000000d885000 	/usr/lib/libarchive.2.dylib
0x000000000d885000 	/System/Library/Frameworks/CFNetwork.framework/Versions/A/CFNetwork
0x000000000d885000 	/System/Library/Frameworks/SystemConfiguration.framework/Versions/A/SystemConfiguration
0x000000000d885000 	/usr/lib/libCRFSuite.dylib
0x000000000d885000 	/usr/lib/libc++.1.dylib
0x000000000d885000 	/usr/lib/libc++abi.dylib
0x000000000d885000 	/usr/lib/system/libcache.dylib
0x000000000d885000 	/usr/lib/system/libcommonCrypto.dylib
0x000000000d885000 	/usr/lib/system/libcompiler_rt.dylib
0x000000000d885000 	/usr/lib/system/libcopyfile.dylib
0x000000000d885000 	/usr/lib/system/libcorecrypto.dylib
0x000000000d885000 	/usr/lib/system/libdispatch.dylib
0x000000000d885000 	/usr/lib/system/libdyld.dylib
0x000000000d885000 	/usr/lib/system/libkeymgr.dylib
0x000000000d885000 	/usr/lib/system/liblaunch.dylib
0x000000000d885000 	/usr/lib/system/libmacho.dylib
0x000000000d885000 	/usr/lib/system/libquarantine.dylib
0x000000000d885000 	/usr/lib/system/libremovefile.dylib
0x000000000d885000 	/usr/lib/system/libsystem_asl.dylib
0x000000000d885000 	/usr/lib/system/libsystem_blocks.dylib
0x000000000d885000 	/usr/lib/system/libsystem_c.dylib
0x000000000d885000 	/usr/lib/system/libsystem_configuration.dylib
0x000000000d885000 	/usr/lib/system/libsystem_coreservices.dylib
0x000000000d885000 	/usr/lib/system/libsystem_darwin.dylib
0x000000000d885000 	/usr/lib/system/libsystem_dnssd.dylib
0x000000000d885000 	/usr/lib/system/libsystem_info.dylib
0x000000000d885000 	/usr/lib/system/libsystem_m.dylib
0x000000000d885000 	/usr/lib/system/libsystem_malloc.dylib
0x000000000d885000 	/usr/lib/system/libsystem_networkextension.dylib
0x000000000d885000 	/usr/lib/system/libsystem_notify.dylib
0x000000000d885000 	/usr/lib/system/libsystem_sandbox.dylib
0x000000000d885000 	/usr/lib/system/libsystem_secinit.dylib
0x000000000d885000 	/usr/lib/system/libsystem_kernel.dylib
0x000000000d885000 	/usr/lib/system/libsystem_platform.dylib
0x000000000d885000 	/usr/lib/system/libsystem_pthread.dylib
0x000000000d885000 	/usr/lib/system/libsystem_symptoms.dylib
0x000000000d885000 	/usr/lib/system/libsystem_trace.dylib
0x000000000d885000 	/usr/lib/system/libunwind.dylib
0x000000000d885000 	/usr/lib/system/libxpc.dylib
0x000000000d885000 	/usr/lib/libbsm.0.dylib
0x000000000d885000 	/usr/lib/system/libkxld.dylib
0x000000000d885000 	/System/Library/PrivateFrameworks/AppleFSCompression.framework/Versions/A/AppleFSCompression
0x000000000d885000 	/usr/lib/libOpenScriptingUtil.dylib
0x000000000d885000 	/usr/lib/libcoretls.dylib
0x000000000d885000 	/usr/lib/libcoretls_cfhelpers.dylib
0x000000000d885000 	/usr/lib/libpam.2.dylib
0x000000000d885000 	/usr/lib/libsqlite3.dylib
0x000000000d885000 	/usr/lib/libxar.1.dylib
0x000000000d885000 	/usr/lib/libbz2.1.0.dylib
0x000000000d885000 	/usr/lib/liblzma.5.dylib
0x000000000d885000 	/usr/lib/libnetwork.dylib
0x000000000d885000 	/usr/lib/libapple_nghttp2.dylib
0x000000000d885000 	/usr/lib/libpcap.A.dylib
0x000000000d885000 	/System/Library/Frameworks/CoreServices.framework/Versions/A/Frameworks/FSEvents.framework/Versions/A/FSEvents
0x000000000d885000 	/System/Library/Frameworks/CoreServices.framework/Versions/A/Frameworks/CarbonCore.framework/Versions/A/CarbonCore
0x000000000d885000 	/System/Library/Frameworks/CoreServices.framework/Versions/A/Frameworks/Metadata.framework/Versions/A/Metadata
0x000000000d885000 	/System/Library/Frameworks/CoreServices.framework/Versions/A/Frameworks/OSServices.framework/Versions/A/OSServices
0x000000000d885000 	/System/Library/Frameworks/CoreServices.framework/Versions/A/Frameworks/SearchKit.framework/Versions/A/SearchKit
0x000000000d885000 	/System/Library/Frameworks/CoreServices.framework/Versions/A/Frameworks/AE.framework/Versions/A/AE
0x000000000d885000 	/System/Library/Frameworks/CoreServices.framework/Versions/A/Frameworks/LaunchServices.framework/Versions/A/LaunchServices
0x000000000d885000 	/System/Library/Frameworks/CoreServices.framework/Versions/A/Frameworks/DictionaryServices.framework/Versions/A/DictionaryServices
0x000000000d885000 	/System/Library/Frameworks/CoreServices.framework/Versions/A/Frameworks/SharedFileList.framework/Versions/A/SharedFileList
0x000000000d885000 	/System/Library/Frameworks/NetFS.framework/Versions/A/NetFS
0x000000000d885000 	/System/Library/PrivateFrameworks/NetAuth.framework/Versions/A/NetAuth
0x000000000d885000 	/System/Library/PrivateFrameworks/login.framework/Versions/A/Frameworks/loginsupport.framework/Versions/A/loginsupport
0x000000000d885000 	/System/Library/PrivateFrameworks/TCC.framework/Versions/A/TCC
0x000000000d885000 	/System/Library/PrivateFrameworks/CoreNLP.framework/Versions/A/CoreNLP
0x000000000d885000 	/System/Library/PrivateFrameworks/MetadataUtilities.framework/Versions/A/MetadataUtilities
0x000000000d885000 	/usr/lib/libmecabra.dylib
0x000000000d885000 	/System/Library/Frameworks/ApplicationServices.framework/Versions/A/Frameworks/ATS.framework/Versions/A/ATS
0x000000000d885000 	/System/Library/Frameworks/ApplicationServices.framework/Versions/A/Frameworks/ColorSyncLegacy.framework/Versions/A/ColorSyncLegacy
0x000000000d885000 	/System/Library/Frameworks/ApplicationServices.framework/Versions/A/Frameworks/HIServices.framework/Versions/A/HIServices
0x000000000d885000 	/System/Library/Frameworks/ApplicationServices.framework/Versions/A/Frameworks/LangAnalysis.framework/Versions/A/LangAnalysis
0x000000000d885000 	/System/Library/Frameworks/ApplicationServices.framework/Versions/A/Frameworks/PrintCore.framework/Versions/A/PrintCore
0x000000000d885000 	/System/Library/Frameworks/ApplicationServices.framework/Versions/A/Frameworks/QD.framework/Versions/A/QD
0x000000000d885000 	/System/Library/Frameworks/ApplicationServices.framework/Versions/A/Frameworks/SpeechSynthesis.framework/Versions/A/SpeechSynthesis
0x000000000d885000 	/usr/lib/libcompression.dylib
0x000000000d885000 	/System/Library/Frameworks/MetalPerformanceShaders.framework/Versions/A/MetalPerformanceShaders
0x000000000d885000 	/System/Library/Frameworks/Accelerate.framework/Versions/A/Frameworks/vImage.framework/Versions/A/vImage
0x000000000d885000 	/System/Library/Frameworks/Accelerate.framework/Versions/A/Frameworks/vecLib.framework/Versions/A/vecLib
0x000000000d885000 	/System/Library/Frameworks/Accelerate.framework/Versions/A/Frameworks/vecLib.framework/Versions/A/libvMisc.dylib
0x000000000d885000 	/System/Library/Frameworks/Accelerate.framework/Versions/A/Frameworks/vecLib.framework/Versions/A/libvDSP.dylib
0x000000000d885000 	/System/Library/Frameworks/Accelerate.framework/Versions/A/Frameworks/vecLib.framework/Versions/A/libBLAS.dylib
0x000000000d885000 	/System/Library/Frameworks/Accelerate.framework/Versions/A/Frameworks/vecLib.framework/Versions/A/libLAPACK.dylib
0x000000000d885000 	/System/Library/Frameworks/Accelerate.framework/Versions/A/Frameworks/vecLib.framework/Versions/A/libLinearAlgebra.dylib
0x000000000d885000 	/System/Library/Frameworks/Accelerate.framework/Versions/A/Frameworks/vecLib.framework/Versions/A/libSparseBLAS.dylib
0x000000000d885000 	/System/Library/Frameworks/Accelerate.framework/Versions/A/Frameworks/vecLib.framework/Versions/A/libQuadrature.dylib
0x000000000d885000 	/System/Library/Frameworks/Accelerate.framework/Versions/A/Frameworks/vecLib.framework/Versions/A/libBNNS.dylib
0x000000000d885000 	/System/Library/Frameworks/Accelerate.framework/Versions/A/Frameworks/vecLib.framework/Versions/A/libSparse.dylib
0x000000000d885000 	/System/Library/PrivateFrameworks/GPUWrangler.framework/Versions/A/GPUWrangler
0x000000000d885000 	/System/Library/PrivateFrameworks/IOAccelerator.framework/Versions/A/IOAccelerator
0x000000000d885000 	/System/Library/PrivateFrameworks/IOPresentment.framework/Versions/A/IOPresentment
0x000000000d885000 	/System/Library/PrivateFrameworks/DSExternalDisplay.framework/Versions/A/DSExternalDisplay
0x000000000d885000 	/System/Library/Frameworks/OpenGL.framework/Versions/A/Libraries/libCoreFSCache.dylib
0x000000000d885000 	/System/Library/Frameworks/MetalPerformanceShaders.framework/Frameworks/MPSCore.framework/Versions/A/MPSCore
0x000000000d885000 	/System/Library/Frameworks/MetalPerformanceShaders.framework/Frameworks/MPSImage.framework/Versions/A/MPSImage
0x000000000d885000 	/System/Library/Frameworks/MetalPerformanceShaders.framework/Frameworks/MPSNeuralNetwork.framework/Versions/A/MPSNeuralNetwork
0x000000000d885000 	/System/Library/Frameworks/MetalPerformanceShaders.framework/Frameworks/MPSMatrix.framework/Versions/A/MPSMatrix
0x000000000d885000 	/System/Library/Frameworks/MetalPerformanceShaders.framework/Frameworks/MPSRayIntersector.framework/Versions/A/MPSRayIntersector
0x000000000d885000 	/System/Library/PrivateFrameworks/MetalTools.framework/Versions/A/MetalTools
0x000000000d885000 	/System/Library/PrivateFrameworks/AggregateDictionary.framework/Versions/A/AggregateDictionary
0x000000000d885000 	/usr/lib/libMobileGestalt.dylib
0x000000000d885000 	/System/Library/Frameworks/CoreVideo.framework/Versions/A/CoreVideo
0x000000000d885000 	/System/Library/PrivateFrameworks/GraphVisualizer.framework/Versions/A/GraphVisualizer
0x000000000d885000 	/System/Library/PrivateFrameworks/FaceCore.framework/Versions/A/FaceCore
0x000000000d885000 	/System/Library/Frameworks/OpenCL.framework/Versions/A/OpenCL
0x000000000d885000 	/usr/lib/libFosl_dynamic.dylib
0x000000000d885000 	/System/Library/PrivateFrameworks/OTSVG.framework/Versions/A/OTSVG
0x000000000d885000 	/System/Library/Frameworks/ApplicationServices.framework/Versions/A/Frameworks/ATS.framework/Versions/A/Resources/libFontParser.dylib
0x000000000d885000 	/System/Library/Frameworks/ApplicationServices.framework/Versions/A/Frameworks/ATS.framework/Versions/A/Resources/libFontRegistry.dylib
0x000000000d885000 	/System/Library/Frameworks/ImageIO.framework/Versions/A/Resources/libJPEG.dylib
0x000000000d885000 	/System/Library/Frameworks/ImageIO.framework/Versions/A/Resources/libTIFF.dylib
0x000000000d885000 	/System/Library/Frameworks/ImageIO.framework/Versions/A/Resources/libPng.dylib
0x000000000d885000 	/System/Library/Frameworks/ImageIO.framework/Versions/A/Resources/libGIF.dylib
0x000000000d885000 	/System/Library/Frameworks/ImageIO.framework/Versions/A/Resources/libJP2.dylib
0x000000000d885000 	/System/Library/Frameworks/ImageIO.framework/Versions/A/Resources/libRadiance.dylib
0x000000000d885000 	/System/Library/PrivateFrameworks/AppleJPEG.framework/Versions/A/AppleJPEG
0x000000000d885000 	/System/Library/Frameworks/OpenGL.framework/Versions/A/Libraries/libGFXShared.dylib
0x000000000d885000 	/System/Library/Frameworks/OpenGL.framework/Versions/A/Libraries/libGLU.dylib
0x000000000d885000 	/System/Library/Frameworks/OpenGL.framework/Versions/A/Libraries/libGL.dylib
0x000000000d885000 	/System/Library/Frameworks/OpenGL.framework/Versions/A/Libraries/libGLImage.dylib
0x000000000d885000 	/System/Library/Frameworks/OpenGL.framework/Versions/A/Libraries/libCVMSPluginSupport.dylib
0x000000000d885000 	/System/Library/Frameworks/OpenGL.framework/Versions/A/Libraries/libCoreVMClient.dylib
0x000000000d885000 	/usr/lib/libcups.2.dylib
0x000000000d885000 	/System/Library/Frameworks/Kerberos.framework/Versions/A/Kerberos
0x000000000d885000 	/System/Library/Frameworks/GSS.framework/Versions/A/GSS
0x000000000d885000 	/usr/lib/libresolv.9.dylib
0x000000000d885000 	/usr/lib/libiconv.2.dylib
0x000000000d885000 	/System/Library/PrivateFrameworks/Heimdal.framework/Versions/A/Heimdal
0x000000000d885000 	/usr/lib/libheimdal-asn1.dylib
0x000000000d885000 	/System/Library/Frameworks/OpenDirectory.framework/Versions/A/OpenDirectory
0x000000000d885000 	/System/Library/PrivateFrameworks/CommonAuth.framework/Versions/A/CommonAuth
0x000000000d885000 	/System/Library/Frameworks/OpenDirectory.framework/Versions/A/Frameworks/CFOpenDirectory.framework/Versions/A/CFOpenDirectory
0x000000000d885000 	/System/Library/Frameworks/SecurityFoundation.framework/Versions/A/SecurityFoundation
0x000000000d885000 	/System/Library/PrivateFrameworks/APFS.framework/Versions/A/APFS
0x000000000d885000 	/usr/lib/libutil.dylib
0x000000000d885000 	/usr/lib/libcharset.1.dylib
0x000000000d885000 	/System/Library/PrivateFrameworks/AppleSauce.framework/Versions/A/AppleSauce
0x000000000d885000 	/System/Library/PrivateFrameworks/AssertionServices.framework/Versions/A/AssertionServices
0x000000000d885000 	/System/Library/PrivateFrameworks/BaseBoard.framework/Versions/A/BaseBoard
0x000000000d885000 	/usr/lib/libmecab.1.0.0.dylib
0x000000000d885000 	/usr/lib/libgermantok.dylib
0x000000000d885000 	/usr/lib/libThaiTokenizer.dylib
0x000000000d885000 	/usr/lib/libChineseTokenizer.dylib
0x000000000d885000 	/System/Library/PrivateFrameworks/LanguageModeling.framework/Versions/A/LanguageModeling
0x000000000d885000 	/System/Library/PrivateFrameworks/CoreEmoji.framework/Versions/A/CoreEmoji
0x000000000d885000 	/System/Library/PrivateFrameworks/Lexicon.framework/Versions/A/Lexicon
0x000000000d885000 	/System/Library/PrivateFrameworks/LinguisticData.framework/Versions/A/LinguisticData
0x000000000d885000 	/usr/lib/libcmph.dylib
0x000000000d885000 	/System/Library/Frameworks/ServiceManagement.framework/Versions/A/ServiceManagement
0x000000000d885000 	/System/Library/PrivateFrameworks/BackgroundTaskManagement.framework/Versions/A/BackgroundTaskManagement
0x000000000d885000 	/usr/lib/libxslt.1.dylib
0x000000000d885000 	/System/Library/Frameworks/Carbon.framework/Versions/A/Frameworks/Ink.framework/Versions/A/Ink
0x000000000d885000 	/System/Library/PrivateFrameworks/TextureIO.framework/Versions/A/TextureIO
0x000000000d885000 	/usr/lib/libate.dylib
0x000000000d885000 	/System/Library/PrivateFrameworks/CrashReporterSupport.framework/Versions/A/CrashReporterSupport
0x000000000d885000 	/System/Library/PrivateFrameworks/Sharing.framework/Versions/A/Sharing
0x000000000d885000 	/System/Library/PrivateFrameworks/AuthKit.framework/Versions/A/AuthKit
0x000000000d885000 	/System/Library/PrivateFrameworks/Apple80211.framework/Versions/A/Apple80211
0x000000000d885000 	/System/Library/PrivateFrameworks/CoreUtils.framework/Versions/A/CoreUtils
0x000000000d885000 	/System/Library/Frameworks/CoreWLAN.framework/Versions/A/CoreWLAN
0x000000000d885000 	/System/Library/Frameworks/IOBluetooth.framework/Versions/A/IOBluetooth
0x000000000d885000 	/System/Library/PrivateFrameworks/ProtocolBuffer.framework/Versions/A/ProtocolBuffer
0x000000000d885000 	/System/Library/PrivateFrameworks/MobileKeyBag.framework/Versions/A/MobileKeyBag
0x000000000d885000 	/System/Library/PrivateFrameworks/CorePhoneNumbers.framework/Versions/A/CorePhoneNumbers
0x000000000d885000 	/System/Library/PrivateFrameworks/AppleIDAuthSupport.framework/Versions/A/AppleIDAuthSupport
0x000000000d885000 	/System/Library/PrivateFrameworks/KeychainCircle.framework/Versions/A/KeychainCircle
0x000000000d885000 	/System/Library/PrivateFrameworks/ROCKit.framework/Versions/A/ROCKit
0x000000000d885000 	/System/Library/PrivateFrameworks/CoreWiFi.framework/Versions/A/CoreWiFi
0x000000000d885000 	/System/Library/Frameworks/CoreBluetooth.framework/Versions/A/CoreBluetooth
0x000000000d885000 	/System/Library/PrivateFrameworks/DebugSymbols.framework/Versions/A/DebugSymbols
0x000000000d885000 	/System/Library/PrivateFrameworks/CoreSymbolication.framework/Versions/A/CoreSymbolication
0x000000000d885000 	/System/Library/PrivateFrameworks/Symbolication.framework/Versions/A/Symbolication
0x000000000d885000 	/System/Library/PrivateFrameworks/SpeechRecognitionCore.framework/Versions/A/SpeechRecognitionCore
0x0000000107000000 	/Library/Java/JavaVirtualMachines/jdk1.8.0_73.jdk/Contents/Home/jre/lib/server/libjvm.dylib
0x000000000d885000 	/usr/lib/libstdc++.6.dylib
0x00000001066b4000 	/Library/Java/JavaVirtualMachines/jdk1.8.0_73.jdk/Contents/Home/jre/lib/libverify.dylib
0x00000001066c2000 	/Library/Java/JavaVirtualMachines/jdk1.8.0_73.jdk/Contents/Home/jre/lib/libjava.dylib
0x00000001066f8000 	/Library/Java/JavaVirtualMachines/jdk1.8.0_73.jdk/Contents/Home/jre/lib/libjdwp.dylib
0x0000000106743000 	/Library/Java/JavaVirtualMachines/jdk1.8.0_73.jdk/Contents/Home/jre/lib/libnpt.dylib
0x0000000106747000 	/Library/Java/JavaVirtualMachines/jdk1.8.0_73.jdk/Contents/Home/jre/lib/libinstrument.dylib
0x00000001067e4000 	/Library/Java/JavaVirtualMachines/jdk1.8.0_73.jdk/Contents/Home/jre/lib/libzip.dylib
0x000000000d885000 	/System/Library/Frameworks/JavaVM.framework/Versions/A/Frameworks/JavaRuntimeSupport.framework/Versions/A/JavaRuntimeSupport
0x000000000d885000 	/System/Library/Frameworks/JavaVM.framework/Versions/A/Frameworks/JavaNativeFoundation.framework/Versions/A/JavaNativeFoundation
0x000000000d885000 	/System/Library/Frameworks/JavaVM.framework/Versions/A/JavaVM
0x000000000d885000 	/System/Library/Frameworks/Carbon.framework/Versions/A/Carbon
0x000000000d885000 	/System/Library/PrivateFrameworks/JavaLaunching.framework/Versions/A/JavaLaunching
0x000000000d885000 	/System/Library/Frameworks/Carbon.framework/Versions/A/Frameworks/CommonPanels.framework/Versions/A/CommonPanels
0x000000000d885000 	/System/Library/Frameworks/Carbon.framework/Versions/A/Frameworks/Help.framework/Versions/A/Help
0x000000000d885000 	/System/Library/Frameworks/Carbon.framework/Versions/A/Frameworks/ImageCapture.framework/Versions/A/ImageCapture
0x000000000d885000 	/System/Library/Frameworks/Carbon.framework/Versions/A/Frameworks/OpenScripting.framework/Versions/A/OpenScripting
0x000000000d885000 	/System/Library/Frameworks/Carbon.framework/Versions/A/Frameworks/Print.framework/Versions/A/Print
0x000000000d885000 	/System/Library/Frameworks/Carbon.framework/Versions/A/Frameworks/SecurityHI.framework/Versions/A/SecurityHI
0x000000010ab29000 	/Library/Java/JavaVirtualMachines/jdk1.8.0_73.jdk/Contents/Home/jre/lib/libdt_socket.dylib
0x00000001242d8000 	/Library/Java/JavaVirtualMachines/jdk1.8.0_73.jdk/Contents/Home/jre/lib/libnet.dylib
0x000000012413d000 	/Library/Java/JavaVirtualMachines/jdk1.8.0_73.jdk/Contents/Home/jre/lib/libnio.dylib

VM Arguments:
jvm_args: -agentlib:jdwp=transport=dt_socket,suspend=y,address=localhost:9492 -ea -javaagent:/Applications/Eclipse.app/Contents/Eclipse/configuration/org.eclipse.osgi/1357/0/.cp/lib/javaagent-shaded.jar -Dfile.encoding=UTF-8 
java_command: org.eclipse.jdt.internal.junit.runner.RemoteTestRunner -version 3 -port 9491 -testLoaderClass org.eclipse.jdt.internal.junit5.runner.JUnit5TestLoader -loaderpluginname org.eclipse.jdt.junit5.runtime -classNames com.cedricleumaleu.accessorassessmenttest.utils.FileUtilsTest
java_class_path (initial): /Users/cedric/workspace/accessorassessmenttest/target/test-classes:/Users/cedric/workspace/accessorassessmenttest/target/classes:/Users/cedric/.m2/repository/org/springframework/boot/spring-boot-starter-web/2.4.2/spring-boot-starter-web-2.4.2.jar:/Users/cedric/.m2/repository/org/springframework/boot/spring-boot-starter/2.4.2/spring-boot-starter-2.4.2.jar:/Users/cedric/.m2/repository/org/springframework/boot/spring-boot-starter-logging/2.4.2/spring-boot-starter-logging-2.4.2.jar:/Users/cedric/.m2/repository/ch/qos/logback/logback-classic/1.2.3/logback-classic-1.2.3.jar:/Users/cedric/.m2/repository/ch/qos/logback/logback-core/1.2.3/logback-core-1.2.3.jar:/Users/cedric/.m2/repository/org/apache/logging/log4j/log4j-to-slf4j/2.13.3/log4j-to-slf4j-2.13.3.jar:/Users/cedric/.m2/repository/org/apache/logging/log4j/log4j-api/2.13.3/log4j-api-2.13.3.jar:/Users/cedric/.m2/repository/org/slf4j/jul-to-slf4j/1.7.30/jul-to-slf4j-1.7.30.jar:/Users/cedric/.m2/repository/jakarta/annotation/jakarta.annotation-api/1.3.5/jakarta.annotation-api-1.3.5.jar:/Users/cedric/.m2/repository/org/yaml/snakeyaml/1.27/snakeyaml-1.27.jar:/Users/cedric/.m2/repository/org/springframework/boot/spring-boot-starter-json/2.4.2/spring-boot-starter-json-2.4.2.jar:/Users/cedric/.m2/repository/com/fasterxml/jackson/core/jackson-databind/2.11.4/jackson-databind-2.11.4.jar:/Users/cedric/.m2/repository/com/fasterxml/jackson/core/jackson-annotations/2.11.4/jackson-annotations-2.11.4.jar:/Users/cedric/.m2/repository/com/fasterxml/jackson/core/jackson-core/2.11.4/jackson-core-2.11.4.jar:/Users/cedric/.m2/repository/com/fasterxml/jackson/datatype/jackson-datatype-jdk8/2.11.4/jackson-datatype-jdk8-2.11.4.jar:/Users/cedric/.m2/repository/com/fasterxml/jackson/datatype/jackson-datatype-jsr310/2.11.4/jackson-datatype-jsr310-2.11.4.jar:/Users/cedric/.m2/repository/com/fasterxml/jackson/module/jackson-module-parameter-names/2.11.4/jackson-module-parameter-names-2.11.4.jar:/Users/cedric/.m2/repos
Launcher Type: SUN_STANDARD

Environment Variables:
PATH=/usr/bin:/bin:/usr/sbin:/sbin
SHELL=/bin/bash
DISPLAY=/private/tmp/com.apple.launchd.VBVaSgUXTv/org.macosforge.xquartz:0

Signal Handlers:
SIGSEGV: [libjvm.dylib+0x5a71a5], sa_mask[0]=11111111011111110111111111111111, sa_flags=SA_ONSTACK|SA_RESTART|SA_SIGINFO
SIGBUS: [libjvm.dylib+0x5a71a5], sa_mask[0]=11111111011111110111111111111111, sa_flags=SA_RESTART|SA_SIGINFO
SIGFPE: [libjvm.dylib+0x480eb4], sa_mask[0]=11111111011111110111111111111111, sa_flags=SA_RESTART|SA_SIGINFO
SIGPIPE: [libjvm.dylib+0x480eb4], sa_mask[0]=11111111011111110111111111111111, sa_flags=SA_RESTART|SA_SIGINFO
SIGXFSZ: [libjvm.dylib+0x480eb4], sa_mask[0]=11111111011111110111111111111111, sa_flags=SA_RESTART|SA_SIGINFO
SIGILL: [libjvm.dylib+0x480eb4], sa_mask[0]=11111111011111110111111111111111, sa_flags=SA_RESTART|SA_SIGINFO
SIGUSR1: SIG_DFL, sa_mask[0]=00000000000000000000000000000000, sa_flags=none
SIGUSR2: [libjvm.dylib+0x4809d2], sa_mask[0]=00100000000000000000000000000000, sa_flags=SA_RESTART|SA_SIGINFO
SIGHUP: [libjvm.dylib+0x47efa9], sa_mask[0]=11111111011111110111111111111111, sa_flags=SA_RESTART|SA_SIGINFO
SIGINT: [libjvm.dylib+0x47efa9], sa_mask[0]=11111111011111110111111111111111, sa_flags=SA_RESTART|SA_SIGINFO
SIGTERM: [libjvm.dylib+0x47efa9], sa_mask[0]=11111111011111110111111111111111, sa_flags=SA_RESTART|SA_SIGINFO
SIGQUIT: [libjvm.dylib+0x47efa9], sa_mask[0]=11111111011111110111111111111111, sa_flags=SA_RESTART|SA_SIGINFO


---------------  S Y S T E M  ---------------

OS:Bsduname:Darwin 18.7.0 Darwin Kernel Version 18.7.0: Tue Jan 12 22:04:47 PST 2021; root:xnu-4903.278.56~1/RELEASE_X86_64 x86_64
rlimit: STACK 8192k, CORE 0k, NPROC 1418, NOFILE 10240, AS infinity
load average:3.01 3.84 5.52

CPU:total 4 (2 cores per cpu, 2 threads per core) family 6 model 58 stepping 9, cmov, cx8, fxsr, mmx, sse, sse2, sse3, ssse3, sse4.1, sse4.2, popcnt, avx, aes, clmul, erms, ht, tsc, tscinvbit, tscinv

Memory: 4k page, physical 16777216k(205692k free)

/proc/meminfo:


vm_info: Java HotSpot(TM) 64-Bit Server VM (25.73-b02) for bsd-amd64 JRE (1.8.0_73-b02), built on Jan 29 2016 15:02:00 by "java_re" with gcc 4.2.1 (Based on Apple Inc. build 5658) (LLVM build 2336.11.00)

time: Thu Feb 18 10:01:34 2021
elapsed time: 67 seconds (0d 0h 1m 7s)

